<?xml version="1.0" encoding="UTF-8"?>
<!-- Generated by org.testng.reporters.JUnitReportReporter -->
<testsuite hostname="ROGxTHOR" failures="0" tests="1" name="testngpkg.Fileupload" time="0.220" errors="0" timestamp="2024-09-28T15:15:59 IST" skipped="0">
  <testcase classname="testngpkg.Fileupload" name="test" time="0.220"/>
  <system-out/>
</testsuite> <!-- testngpkg.Fileupload -->
