<?xml version="1.0" encoding="UTF-8"?>
<!-- Generated by org.testng.reporters.JUnitReportReporter -->
<testsuite hostname="ROGxTHOR" failures="0" tests="1" name="testngpkg.Facebooklogin" time="0.405" errors="0" timestamp="2024-09-06T12:14:36 IST" skipped="0">
  <testcase classname="testngpkg.Facebooklogin" name="name" time="0.405"/>
  <system-out/>
</testsuite> <!-- testngpkg.Facebooklogin -->
