<?xml version="1.0" encoding="UTF-8"?>
<!-- Generated by org.testng.reporters.JUnitReportReporter -->
<testsuite hostname="ROGxTHOR" failures="0" tests="1" name="testngpkg.Windowhandleamazon" time="16.000" errors="0" timestamp="2024-09-24T12:59:59 IST" skipped="0">
  <testcase classname="testngpkg.Windowhandleamazon" name="test" time="16.000"/>
  <system-out/>
</testsuite> <!-- testngpkg.Windowhandleamazon -->
