<?xml version="1.0" encoding="UTF-8"?>
<!-- Generated by org.testng.reporters.JUnitReportReporter -->
<testsuite hostname="ROGxTHOR" failures="0" tests="1" name="testngpkg.Titleverification" time="0.018" errors="0" timestamp="2024-09-23T11:08:28 IST" skipped="0">
  <testcase classname="testngpkg.Titleverification" name="test" time="0.018"/>
  <system-out/>
</testsuite> <!-- testngpkg.Titleverification -->
