<?xml version="1.0" encoding="UTF-8"?>
<!-- Generated by org.testng.reporters.JUnitReportReporter -->
<testsuite hostname="ROGxTHOR" failures="0" tests="1" name="testngpkg.Fileuploadauto" time="8.933" errors="0" timestamp="2024-09-28T15:18:07 IST" skipped="0">
  <testcase classname="testngpkg.Fileuploadauto" name="test" time="8.933"/>
  <system-out/>
</testsuite> <!-- testngpkg.Fileuploadauto -->
