<?xml version="1.0" encoding="UTF-8"?>
<!-- Generated by org.testng.reporters.JUnitReportReporter -->
<testsuite hostname="ROGxTHOR" failures="0" tests="1" name="testngpkg.Copypaste" time="0.541" errors="0" timestamp="2024-09-09T21:30:10 IST" skipped="0">
  <testcase classname="testngpkg.Copypaste" name="test" time="0.541"/>
  <system-out/>
</testsuite> <!-- testngpkg.Copypaste -->
