<?xml version="1.0" encoding="UTF-8"?>
<!-- Generated by org.testng.reporters.JUnitReportReporter -->
<testsuite hostname="ROGxTHOR" failures="0" tests="1" name="testngpkg.Task4" time="0.066" errors="0" timestamp="2024-09-23T11:40:19 IST" skipped="0">
  <testcase classname="testngpkg.Task4" name="test" time="0.066"/>
  <system-out/>
</testsuite> <!-- testngpkg.Task4 -->
