<?xml version="1.0" encoding="UTF-8"?>
<!-- Generated by org.testng.reporters.JUnitReportReporter -->
<testsuite hostname="ROGxTHOR" failures="0" tests="1" name="junitpkg.Fblogintest" time="6.366" errors="0" timestamp="2024-09-11T11:26:32 IST" skipped="0">
  <testcase classname="junitpkg.Fblogintest" name="test" time="6.366"/>
  <system-out/>
</testsuite> <!-- junitpkg.Fblogintest -->
