<?xml version="1.0" encoding="UTF-8"?>
<!-- Generated by org.testng.reporters.JUnitReportReporter -->
<testsuite hostname="ROGxTHOR" failures="0" tests="1" name="testngpkg.Windowhandling" time="4.192" errors="0" timestamp="2024-09-24T11:34:34 IST" skipped="0">
  <testcase classname="testngpkg.Windowhandling" name="test" time="4.192"/>
  <system-out/>
</testsuite> <!-- testngpkg.Windowhandling -->
