<?xml version="1.0" encoding="UTF-8"?>
<!-- Generated by org.testng.reporters.JUnitReportReporter -->
<testsuite hostname="ROGxTHOR" failures="0" tests="3" name="testngpkg.Testngdemo" time="0.012" errors="0" timestamp="2024-09-05T12:51:05 IST" skipped="1">
  <testcase classname="testngpkg.Testngdemo" name="test4" time="0.010"/>
  <system-out/>
  <testcase classname="testngpkg.Testngdemo" name="test3" time="0.002"/>
  <system-out/>
  <testcase classname="testngpkg.Testngdemo" name="test5">
    <skipped/>
  </testcase> <!-- test5 -->
  <system-out/>
</testsuite> <!-- testngpkg.Testngdemo -->
