<?xml version="1.0" encoding="UTF-8"?>
<!-- Generated by org.testng.reporters.JUnitReportReporter -->
<testsuite hostname="ROGxTHOR" failures="0" tests="3" name="testngpkg.Task" time="2.087" errors="0" timestamp="2024-09-09T11:11:49 IST" skipped="0">
  <testcase classname="testngpkg.Task" name="button" time="0.685"/>
  <system-out/>
  <testcase classname="testngpkg.Task" name="logo" time="0.660"/>
  <system-out/>
  <testcase classname="testngpkg.Task" name="radiobutton" time="0.742"/>
  <system-out/>
</testsuite> <!-- testngpkg.Task -->
