<?xml version="1.0" encoding="UTF-8"?>
<!-- Generated by org.testng.reporters.JUnitReportReporter -->
<testsuite hostname="ROGxTHOR" failures="0" tests="1" name="testpkg.Createpagetest" time="3.369" errors="0" timestamp="2024-09-25T12:38:18 IST" skipped="0">
  <testcase classname="testpkg.Createpagetest" name="test" time="3.369"/>
  <system-out/>
</testsuite> <!-- testpkg.Createpagetest -->
