<?xml version="1.0" encoding="UTF-8"?>
<!-- Generated by org.testng.reporters.JUnitReportReporter -->
<testsuite hostname="ROGxTHOR" failures="0" tests="1" name="testpkg.Fblogintest" time="0.271" errors="0" timestamp="2024-09-25T12:08:01 IST" skipped="0">
  <testcase classname="testpkg.Fblogintest" name="test" time="0.271"/>
  <system-out/>
</testsuite> <!-- testpkg.Fblogintest -->
