<?xml version="1.0" encoding="UTF-8"?>
<!-- Generated by org.testng.reporters.JUnitReportReporter -->
<testsuite hostname="ROGxTHOR" failures="0" tests="1" name="testngpkg.Fileuploadthroughsystem" time="3.279" errors="0" timestamp="2024-09-28T15:34:27 IST" skipped="0">
  <testcase classname="testngpkg.Fileuploadthroughsystem" name="test" time="3.279"/>
  <system-out/>
</testsuite> <!-- testngpkg.Fileuploadthroughsystem -->
