<?xml version="1.0" encoding="UTF-8"?>
<!-- Generated by org.testng.reporters.JUnitReportReporter -->
<testsuite hostname="ROGxTHOR" failures="0" tests="1" name="testngpkg.Task1" time="3.748" errors="0" timestamp="2024-09-09T21:30:59 IST" skipped="0">
  <testcase classname="testngpkg.Task1" name="test" time="3.748"/>
  <system-out/>
</testsuite> <!-- testngpkg.Task1 -->
