<?xml version="1.0" encoding="UTF-8"?>
<!-- Generated by org.testng.reporters.JUnitReportReporter -->
<testsuite hostname="ROGxTHOR" failures="0" tests="1" name="testngpkg.Task3" time="1.204" errors="0" timestamp="2024-09-10T12:25:08 IST" skipped="0">
  <testcase classname="testngpkg.Task3" name="test" time="1.204"/>
  <system-out/>
</testsuite> <!-- testngpkg.Task3 -->
