<?xml version="1.0" encoding="UTF-8"?>
<!-- Generated by org.testng.reporters.JUnitReportReporter -->
<testsuite hostname="ROGxTHOR" failures="0" tests="1" name="testngpkg.Fblogintest" time="8.569" errors="0" timestamp="2024-09-11T11:39:34 IST" skipped="0">
  <testcase classname="testngpkg.Fblogintest" name="test" time="8.569"/>
  <system-out/>
</testsuite> <!-- testngpkg.Fblogintest -->
