<?xml version="1.0" encoding="UTF-8"?>
<!-- Generated by org.testng.reporters.JUnitReportReporter -->
<testsuite hostname="ROGxTHOR" failures="0" tests="3" name="testngpkg.Taskjanasya" time="0.584" errors="0" timestamp="2024-09-19T12:56:58 IST" skipped="0">
  <testcase classname="testngpkg.Taskjanasya" name="linkcount" time="0.091"/>
  <system-out/>
  <testcase classname="testngpkg.Taskjanasya" name="screenshot" time="0.472"/>
  <system-out/>
  <testcase classname="testngpkg.Taskjanasya" name="titleverification" time="0.021"/>
  <system-out/>
</testsuite> <!-- testngpkg.Taskjanasya -->
