<?xml version="1.0" encoding="UTF-8"?>
<!-- Generated by org.testng.reporters.JUnitReportReporter -->
<testsuite hostname="ROGxTHOR" failures="0" tests="1" name="testngpkg.Parameters1" time="0.024" errors="0" timestamp="2024-09-06T11:43:52 IST" skipped="0">
  <testcase classname="testngpkg.Parameters1" name="test1" time="0.024"/>
  <system-out/>
</testsuite> <!-- testngpkg.Parameters1 -->
