<?xml version="1.0" encoding="UTF-8"?>
<!-- Generated by org.testng.reporters.JUnitReportReporter -->
<testsuite hostname="ROGxTHOR" failures="0" tests="2" name="testngpkg.Crossbrowsertesting" time="3.478" errors="0" timestamp="2024-09-10T11:38:03 IST" skipped="0">
  <testcase classname="testngpkg.Crossbrowsertesting" name="test" time="2.127"/>
  <system-out/>
  <testcase classname="testngpkg.Crossbrowsertesting" name="test" time="1.351"/>
  <system-out/>
</testsuite> <!-- testngpkg.Crossbrowsertesting -->
